
**** Build of configuration Debug for project analyseurXML ****

make all 
Building file: ../lex.yy.c
Invoking: Cross GCC Compiler
gcc -O0 -g3 -Wall -c -fmessage-length=0 -MMD -MP -MF"lex.yy.d" -MT"lex.yy.d" -o "lex.yy.o" "../lex.yy.c"
In file included from xml.l:5:
../commun.h:4: error: expected '=', ',', ';', 'asm' or '__attribute__' before 'namespace'
In file included from xml.l:5:
../commun.h:5:16: warning: list: No such file or directory
../commun.h:6:19: warning: utility: No such file or directory
../commun.h:7:18: warning: string: No such file or directory
../commun.h:9: error: expected '=', ',', ';', 'asm' or '__attribute__' before '<' token
../commun.h:10: error: expected '=', ',', ';', 'asm' or '__attribute__' before '<' token
../commun.h:11: error: expected '=', ',', ';', 'asm' or '__attribute__' before '<' token
In file included from xml.l:6:
xml.y:14: error: expected specifier-qualifier-list before 'ElementName'
xml.l: In function 'skipSpace':
xml.l:11: warning: implicit declaration of function 'isspace'
xml.l: In function 'split_namespace':
xml.l:53: warning: unused variable 'k'
xml.l: In function 'yylex':
xml.l:104: error: 'YYSTYPE' has no member named 'en'
xml.l:104: error: 'new' undeclared (first use in this function)
xml.l:104: error: (Each undeclared identifier is reported only once
xml.l:104: error: for each function it appears in.)
xml.l:104: error: expected ';' before 'ElementName'
xml.l:105: error: 'YYSTYPE' has no member named 'en'
xml.l:105: error: expected ';' before 'ElementName'
xml.l:106: error: 'YYSTYPE' has no member named 'en'
xml.l:106: error: expected ';' before 'ElementName'
xml.l:107: error: 'YYSTYPE' has no member named 'en'
xml.l:107: error: expected ';' before 'ElementName'
xml.l:108: error: 'YYSTYPE' has no member named 'en'
xml.l:108: error: expected ';' before 'ElementName'
make: *** [lex.yy.o] Error 1

**** Build Finished ****
